
2025-07-12T03:51:13.636Z /game.js  GET 1.1 Mozilla/5.0 (X11; Ubuntu; Linux x86_64; rv:140.0) Gecko/20100101 Firefox/140.0140.0
2025-07-12T03:48:10.304Z /control.js  GET 1.1 Mozilla/5.0 (X11; Ubuntu; Linux x86_64; rv:140.0) Gecko/20100101 Firefox/140.0140.003:48:09.870Z /obstacle.js  GET 1.1 Mozilla/5.0 (X11; Ubuntu; Linux x86_64; rv:140.0) Gecko/20100101 Firefox/140.0
2025-07-12T03:48:09.886Z /gun.js  GET 1.1 Mozilla/5.0 (X11; Ubuntu; Linux x86_64; rv:140.0) Gecko/20100101 Firefox/140.0
2025-07-12T03:48:09.889Z /control.js  GET 1.1 Mozilla/5.0 (X11; Ubuntu; Linux x86_64; rv:140.0) Gecko/20100101 Firefox/140.0
2025-07-12T03:48:09.909Z /main.css.map  GET 1.1 Mozilla/5.0 (X11; Ubuntu; Linux x86_64; rv:140.0) Gecko/20100101 Firefox/140.0
2025-07-12T03:48:09.949Z /favicon.ico  GET 1.1 Mozilla/5.0 (X11; Ubuntu; Linux x86_64; rv:140.0) Gecko/20100101 Firefox/140.0140.0
2025-07-12T03:48:10.136Z /logout  GET 1.1 Mozilla/5.0 (X11; Ubuntu; Linux x86_64; rv:140.0) Gecko/20100101 Firefox/140.0
2025-07-12T03:48:10.147Z /login  GET 1.1 Mozilla/5.0 (X11; Ubuntu; Linux x86_64; rv:140.0) Gecko/20100101 Firefox/140.0
2025-07-12T03:48:10.242Z /main.css  GET 1.1 Mozilla/5.0 (X11; Ubuntu; Linux x86_64; rv:140.0) Gecko/20100101 Firefox/140.0
2025-07-12T03:48:10.244Z /script.js  GET 1.1 Mozilla/5.0 (X11; Ubuntu; Linux x86_64; rv:140.0) Gecko/20100101 Firefox/140.0
2025-07-12T03:48:10.245Z /game.js  GET 1.1 Mozilla/5.0 (X11; Ubuntu; Linux x86_64; rv:140.0) Gecko/20100101 Firefox/140.0
2025-07-12T03:48:10.288Z /config.js  GET 1.1 Mozilla/5.0 (X11; Ubuntu; Linux x86_64; rv:140.0) Gecko/20100101 Firefox/140.0
2025-07-12T03:48:10.301Z /obstacle.js  GET 1.1 Mozilla/5.0 (X11; Ubuntu; Linux x86_64; rv:140.0) Gecko/20100101 Firefox/140.0
2025-07-12T03:48:10.304Z /lifeCounter.js  GET 1.1 Mozilla/5.0 (X11; Ubuntu; Linux x86_64; rv:140.0) Gecko/20100101 Firefox/140.0
2025-07-12T03:48:10.344Z /scss/styles.scss  GET 1.1 Mozilla/5.0 (X11; Ubuntu; Linux x86_64; rv:140.0) Gecko/20100101 Firefox/140.0
2025-07-12T03:50:54.990Z /login  GET 1.1 Mozilla/5.0 (X11; Ubuntu; Linux x86_64; rv:140.0) Gecko/20100101 Firefox/140.0
2025-07-12T03:50:55.209Z /login  GET 1.1 Mozilla/5.0 (X11; Ubuntu; Linux x86_64; rv:140.0) Gecko/20100101 Firefox/140.0
2025-07-12T03:50:55.214Z /login  GET 1.1 Mozilla/5.0 (X11; Ubuntu; Linux x86_64; rv:140.0) Gecko/20100101 Firefox/140.0
2025-07-12T03:50:55.224Z /login  GET 1.1 Mozilla/5.0 (X11; Ubuntu; Linux x86_64; rv:140.0) Gecko/20100101 Firefox/140.0
2025-07-12T03:50:55.431Z /login  GET 1.1 Mozilla/5.0 (X11; Ubuntu; Linux x86_64; rv:140.0) Gecko/20100101 Firefox/140.0
2025-07-12T03:50:58.168Z /login  GET 1.1 Mozilla/5.0 (X11; Ubuntu; Linux x86_64; rv:140.0) Gecko/20100101 Firefox/140.0
2025-07-12T03:50:58.300Z /login  GET 1.1 Mozilla/5.0 (X11; Ubuntu; Linux x86_64; rv:140.0) Gecko/20100101 Firefox/140.0
2025-07-12T03:50:58.314Z /login  GET 1.1 Mozilla/5.0 (X11; Ubuntu; Linux x86_64; rv:140.0) Gecko/20100101 Firefox/140.0
2025-07-12T03:50:58.494Z /login  GET 1.1 Mozilla/5.0 (X11; Ubuntu; Linux x86_64; rv:140.0) Gecko/20100101 Firefox/140.0
2025-07-12T03:50:58.503Z /login  GET 1.1 Mozilla/5.0 (X11; Ubuntu; Linux x86_64; rv:140.0) Gecko/20100101 Firefox/140.0
2025-07-12T03:50:59.432Z /login  GET 1.1 Mozilla/5.0 (X11; Ubuntu; Linux x86_64; rv:140.0) Gecko/20100101 Firefox/140.0
2025-07-12T03:50:59.528Z /login  GET 1.1 Mozilla/5.0 (X11; Ubuntu; Linux x86_64; rv:140.0) Gecko/20100101 Firefox/140.0
2025-07-12T03:50:59.534Z /login  GET 1.1 Mozilla/5.0 (X11; Ubuntu; Linux x86_64; rv:140.0) Gecko/20100101 Firefox/140.0
2025-07-12T03:50:59.541Z /login  GET 1.1 Mozilla/5.0 (X11; Ubuntu; Linux x86_64; rv:140.0) Gecko/20100101 Firefox/140.0
2025-07-12T03:50:59.760Z /login  GET 1.1 Mozilla/5.0 (X11; Ubuntu; Linux x86_64; rv:140.0) Gecko/20100101 Firefox/140.0
2025-07-12T03:51:00.317Z /logout  GET 1.1 Mozilla/5.0 (X11; Ubuntu; Linux x86_64; rv:140.0) Gecko/20100101 Firefox/140.0
2025-07-12T03:51:00.324Z /login  GET 1.1 Mozilla/5.0 (X11; Ubuntu; Linux x86_64; rv:140.0) Gecko/20100101 Firefox/140.0
2025-07-12T03:51:00.502Z /login  GET 1.1 Mozilla/5.0 (X11; Ubuntu; Linux x86_64; rv:140.0) Gecko/20100101 Firefox/140.0
2025-07-12T03:51:00.511Z /login  GET 1.1 Mozilla/5.0 (X11; Ubuntu; Linux x86_64; rv:140.0) Gecko/20100101 Firefox/140.0
2025-07-12T03:51:00.527Z /login  GET 1.1 Mozilla/5.0 (X11; Ubuntu; Linux x86_64; rv:140.0) Gecko/20100101 Firefox/140.0
2025-07-12T03:51:00.712Z /login  GET 1.1 Mozilla/5.0 (X11; Ubuntu; Linux x86_64; rv:140.0) Gecko/20100101 Firefox/140.0
2025-07-12T03:51:13.416Z /login  POST 1.1 Mozilla/5.0 (X11; Ubuntu; Linux x86_64; rv:140.0) Gecko/20100101 Firefox/140.0
2025-07-12T03:51:13.593Z /game  GET 1.1 Mozilla/5.0 (X11; Ubuntu; Linux x86_64; rv:140.0) Gecko/20100101 Firefox/140.0
2025-07-12T03:51:13.635Z /script.js  GET 1.1 Mozilla/5.0 (X11; Ubuntu; Linux x86_64; rv:140.0) Gecko/20100101 Firefox/140.0
2025-07-12T03:51:13.640Z /png/Background/starBackground.png  GET 1.1 Mozilla/5.0 (X11; Ubuntu; Linux x86_64; rv:140.0) Gecko/20100101 Firefox/140.0
2025-07-12T03:51:13.657Z /config.js  GET 1.1 Mozilla/5.0 (X11; Ubuntu; Linux x86_64; rv:140.0) Gecko/20100101 Firefox/140.0.0
2025-07-12T03:51:13.661Z /lifeCounter.js  GET 1.1 Mozilla/5.0 (X11; Ubuntu; Linux x86_64; rv:140.0) Gecko/20100101 Firefox/140.0
2025-07-12T03:51:13.670Z /png/life.png  GET 1.1 Mozilla/5.0 (X11; Ubuntu; Linux x86_64; rv:140.0) Gecko/20100101 Firefox/140.0.0
2025-07-12T03:51:13.679Z /favicon.ico  GET 1.1 Mozilla/5.0 (X11; Ubuntu; Linux x86_64; rv:140.0) Gecko/20100101 Firefox/140.0
2025-07-12T03:51:14.734Z /png/enemyShip.png  GET 1.1 Mozilla/5.0 (X11; Ubuntu; Linux x86_64; rv:140.0) Gecko/20100101 Firefox/140.0.0
2025-07-12T03:51:18.358Z /logout  GET 1.1 Mozilla/5.0 (X11; Ubuntu; Linux x86_64; rv:140.0) Gecko/20100101 Firefox/140.0
2025-07-12T03:51:18.366Z /login  GET 1.1 Mozilla/5.0 (X11; Ubuntu; Linux x86_64; rv:140.0) Gecko/20100101 Firefox/140.0
2025-07-12T03:51:18.405Z /login  GET 1.1 Mozilla/5.0 (X11; Ubuntu; Linux x86_64; rv:140.0) Gecko/20100101 Firefox/140.0
2025-07-12T03:51:18.408Z /login  GET 1.1 Mozilla/5.0 (X11; Ubuntu; Linux x86_64; rv:140.0) Gecko/20100101 Firefox/140.0
2025-07-12T03:51:18.412Z /login  GET 1.1 Mozilla/5.0 (X11; Ubuntu; Linux x86_64; rv:140.0) Gecko/20100101 Firefox/140.0
2025-07-12T03:51:38.900Z /login  GET 1.1 Mozilla/5.0 (X11; Ubuntu; Linux x86_64; rv:140.0) Gecko/20100101 Firefox/140.0
2025-07-12T03:51:38.927Z /login  GET 1.1 Mozilla/5.0 (X11; Ubuntu; Linux x86_64; rv:140.0) Gecko/20100101 Firefox/140.0
2025-07-12T03:51:38.930Z /login  GET 1.1 Mozilla/5.0 (X11; Ubuntu; Linux x86_64; rv:140.0) Gecko/20100101 Firefox/140.0
2025-07-12T03:51:38.933Z /login  GET 1.1 Mozilla/5.0 (X11; Ubuntu; Linux x86_64; rv:140.0) Gecko/20100101 Firefox/140.0
2025-07-12T03:51:50.958Z /login  GET 1.1 Mozilla/5.0 (X11; Ubuntu; Linux x86_64; rv:140.0) Gecko/20100101 Firefox/140.0
2025-07-12T03:51:50.984Z /login  GET 1.1 Mozilla/5.0 (X11; Ubuntu; Linux x86_64; rv:140.0) Gecko/20100101 Firefox/140.0
2025-07-12T03:51:50.987Z /login  GET 1.1 Mozilla/5.0 (X11; Ubuntu; Linux x86_64; rv:140.0) Gecko/20100101 Firefox/140.0
2025-07-12T03:51:50.991Z /login  GET 1.1 Mozilla/5.0 (X11; Ubuntu; Linux x86_64; rv:140.0) Gecko/20100101 Firefox/140.0